2025-10-10T09:56:28.813Z INFO SharedStateManager initialized
2025-10-10T09:56:28.814Z INFO Is remote: false
2025-10-10T09:56:28.815Z INFO Starting Local. Installation path: undefined
2025-10-10T09:56:28.815Z INFO [MainProvider] Creating new MainProvider instance...
2025-10-10T09:56:28.817Z INFO Installation path exists: d:\kathan\python_codes\7th sem\CV lab\Comuter-Vision-Lab\imagedata
2025-10-10T09:56:28.817Z INFO Initializing database with URL: file:C:\Users\KATHAN~1\AppData\Local\Temp\pythagora-temp\pythagora.db
2025-10-10T09:56:28.821Z INFO [c:\Users\Kathan Vyas\.vscode\extensions\pythagoratechnologies.pythagora-vs-code-2.5.16] Project root:
2025-10-10T09:56:28.821Z INFO [c:\Users\Kathan Vyas\.vscode\extensions\pythagoratechnologies.pythagora-vs-code-2.5.16\prisma\schema.prisma] Schema path:
2025-10-10T09:56:28.822Z INFO [file:C:\Users\KATHAN~1\AppData\Local\Temp\pythagora-temp\pythagora.db] Database URL:
2025-10-10T09:56:28.823Z INFO [true] Schema exists:
2025-10-10T09:56:28.823Z INFO Running prisma generate first...
2025-10-10T09:56:31.401Z INFO [Prisma schema loaded from prisma\schema.prisma

✔ Generated Prisma Client (6.17.0) to .\src\generated\prisma in 309ms

] Prisma generate result:
2025-10-10T09:56:31.401Z INFO Running prisma db push to sync schema...
2025-10-10T09:56:33.831Z INFO [Prisma schema loaded from prisma\schema.prisma
Datasource "db": SQLite database "pythagora.db" at "file:C:\Users\KATHAN~1\AppData\Local\Temp\pythagora-temp\pythagora.db"

The database is already in sync with the Prisma schema.

Running generate... (Use --skip-generate to skip the generators)
[2K[1A[2K[GRunning generate... - Prisma Client
[2K[1A[2K[G✔ Generated Prisma Client (6.17.0) to .\src\generated\prisma in 380ms

] Prisma db push result:
2025-10-10T09:56:33.831Z INFO Database initialized successfully
2025-10-10T09:56:33.832Z INFO [Migration] Checking for database migration...
2025-10-10T09:56:34.367Z INFO [Migration] No migration needed
2025-10-10T09:57:12.442Z INFO Closing entire Pythagora extension...
2025-10-10T09:57:12.445Z ERROR Error closing extension
Error: Canceled
Stack: Canceled: Canceled
    at new MR (file:///c:/Users/Kathan%20Vyas/AppData/Local/Programs/Microsoft%20VS%20Code/resources/app/out/vs/workbench/api/node/extensionHostProcess.js:29:116391)
    at U4.U (file:///c:/Users/Kathan%20Vyas/AppData/Local/Programs/Microsoft%20VS%20Code/resources/app/out/vs/workbench/api/node/extensionHostProcess.js:29:121001)
    at Proxy.s.<computed>.n.charCodeAt.s.<computed> (file:///c:/Users/Kathan%20Vyas/AppData/Local/Programs/Microsoft%20VS%20Code/resources/app/out/vs/workbench/api/node/extensionHostProcess.js:29:118495)
    at iy.g (file:///c:/Users/Kathan%20Vyas/AppData/Local/Programs/Microsoft%20VS%20Code/resources/app/out/vs/workbench/api/node/extensionHostProcess.js:114:41101)
    at iy.executeCommand (file:///c:/Users/Kathan%20Vyas/AppData/Local/Programs/Microsoft%20VS%20Code/resources/app/out/vs/workbench/api/node/extensionHostProcess.js:114:40605)
    at Object.executeCommand (file:///c:/Users/Kathan%20Vyas/AppData/Local/Programs/Microsoft%20VS%20Code/resources/app/out/vs/workbench/api/node/extensionHostProcess.js:201:105071)
    at closeEntirePythagoraExtension (c:\Users\Kathan Vyas\.vscode\extensions\pythagoratechnologies.pythagora-vs-code-2.5.16\out\extension.js:381:31)
    at Object.deactivate (c:\Users\Kathan Vyas\.vscode\extensions\pythagoratechnologies.pythagora-vs-code-2.5.16\out\extension.js:291:15)
    at SZ.eb (file:///c:/Users/Kathan%20Vyas/AppData/Local/Programs/Microsoft%20VS%20Code/resources/app/out/vs/workbench/api/node/extensionHostProcess.js:118:11797)
    at file:///c:/Users/Kathan%20Vyas/AppData/Local/Programs/Microsoft%20VS%20Code/resources/app/out/vs/workbench/api/node/extensionHostProcess.js:118:9947
    at Array.map (<anonymous>)
    at SZ.$ (file:///c:/Users/Kathan%20Vyas/AppData/Local/Programs/Microsoft%20VS%20Code/resources/app/out/vs/workbench/api/node/extensionHostProcess.js:118:9935)
    at SZ.terminate (file:///c:/Users/Kathan%20Vyas/AppData/Local/Programs/Microsoft%20VS%20Code/resources/app/out/vs/workbench/api/node/extensionHostProcess.js:118:10178)
    at H3.terminate (file:///c:/Users/Kathan%20Vyas/AppData/Local/Programs/Microsoft%20VS%20Code/resources/app/out/vs/workbench/api/node/extensionHostProcess.js:120:914)
    at Ss (file:///c:/Users/Kathan%20Vyas/AppData/Local/Programs/Microsoft%20VS%20Code/resources/app/out/vs/workbench/api/node/extensionHostProcess.js:393:10409)
    at MessagePortMain.<anonymous> (file:///c:/Users/Kathan%20Vyas/AppData/Local/Programs/Microsoft%20VS%20Code/resources/app/out/vs/workbench/api/node/extensionHostProcess.js:393:6948)
    at MessagePortMain.emit (node:events:519:28)
    at MessagePortMain.emit (node:domain:489:12)
    at Object.MessagePortMain._internalPort.emit (node:electron/js2c/utility_init:2:2949)
Extra context: {
  "message": "Canceled"
}
